2019-04-17 17:04:39,355 [JavaFX Application Thread] INFO  marytts.main Mary starting up...
2019-04-17 17:04:39,359 [JavaFX Application Thread] INFO  marytts.main Specification version 5.2
2019-04-17 17:04:39,359 [JavaFX Application Thread] INFO  marytts.main Implementation version unknown
2019-04-17 17:04:39,359 [JavaFX Application Thread] INFO  marytts.main Running on a Java 1.8.0_181 implementation by Oracle Corporation, on a Windows 10 platform (amd64, 10.0)
2019-04-17 17:04:39,595 [JavaFX Application Thread] INFO  marytts.ModuleRegistry Now initiating mary module 'marytts.modules.Synthesis'
2019-04-17 17:04:39,600 [JavaFX Application Thread] INFO  marytts.ModuleRegistry Now initiating mary module 'marytts.modules.TextToMaryXML'
2019-04-17 17:04:39,608 [JavaFX Application Thread] INFO  marytts.ModuleRegistry Now initiating mary module 'marytts.modules.SableParser'
2019-04-17 17:04:39,609 [JavaFX Application Thread] INFO  marytts.ModuleRegistry Now initiating mary module 'marytts.modules.SSMLParser'
2019-04-17 17:04:39,610 [JavaFX Application Thread] INFO  marytts.ModuleRegistry Now initiating mary module 'marytts.modules.APMLParser'
2019-04-17 17:04:39,611 [JavaFX Application Thread] INFO  marytts.ModuleRegistry Now initiating mary module 'marytts.modules.EmotionmlParser'
2019-04-17 17:04:39,612 [JavaFX Application Thread] INFO  marytts.ModuleRegistry Now initiating mary module 'marytts.modules.JTokeniser'
2019-04-17 17:04:39,614 [JavaFX Application Thread] INFO  marytts.ModuleRegistry Now initiating mary module 'marytts.modules.DummyTokens2Words'
2019-04-17 17:04:39,614 [JavaFX Application Thread] INFO  marytts.ModuleRegistry Now initiating mary module 'marytts.modules.ProsodyGeneric'
2019-04-17 17:04:39,618 [JavaFX Application Thread] INFO  marytts.ModuleRegistry Now initiating mary module 'marytts.modules.PronunciationModel'
2019-04-17 17:04:39,619 [JavaFX Application Thread] INFO  marytts.ModuleRegistry Now initiating mary module 'marytts.modules.TargetFeatureLister'
2019-04-17 17:04:39,620 [JavaFX Application Thread] INFO  marytts.ModuleRegistry Now initiating mary module 'marytts.modules.HalfPhoneTargetFeatureLister'
2019-04-17 17:04:39,621 [JavaFX Application Thread] INFO  marytts.ModuleRegistry Now initiating mary module 'marytts.modules.AcousticModeller'
2019-04-17 17:04:39,622 [JavaFX Application Thread] INFO  marytts.ModuleRegistry Now initiating mary module 'marytts.modules.RealisedAcoustparamsExtractor'
2019-04-17 17:04:39,622 [JavaFX Application Thread] INFO  marytts.ModuleRegistry Now initiating mary module 'marytts.modules.RealisedDurationsExtractor'
2019-04-17 17:04:39,623 [JavaFX Application Thread] INFO  marytts.ModuleRegistry Now initiating mary module 'marytts.modules.HTSEngine'
2019-04-17 17:04:39,624 [JavaFX Application Thread] INFO  marytts.ModuleRegistry Now initiating mary module 'marytts.modules.PraatTextGridGenerator'
2019-04-17 17:04:39,626 [JavaFX Application Thread] INFO  marytts.ModuleRegistry Now initiating mary module 'marytts.language.en.JTokeniser'
2019-04-17 17:04:39,626 [JavaFX Application Thread] INFO  marytts.ModuleRegistry Now initiating mary module 'marytts.language.en.Preprocess'
2019-04-17 17:04:39,835 [JavaFX Application Thread] INFO  marytts.ModuleRegistry Now initiating mary module 'marytts.modules.JPhonemiser(en_US.)'
2019-04-17 17:04:39,838 [JavaFX Application Thread] INFO  marytts.JPhonemiser User dictionary '.\user-dictionaries\userdict-en_US.txt' for locale 'en_US' does not exist. Ignoring.
2019-04-17 17:04:39,911 [JavaFX Application Thread] INFO  marytts.ModuleRegistry Now initiating mary module 'marytts.modules.JPhonemiser(en_GB.)'
2019-04-17 17:04:39,911 [JavaFX Application Thread] INFO  marytts.JPhonemiser User dictionary '.\user-dictionaries\userdict-en_GB.txt' for locale 'en_GB' does not exist. Ignoring.
2019-04-17 17:04:39,943 [JavaFX Application Thread] INFO  marytts.ModuleRegistry Now initiating mary module 'marytts.language.en.Prosody'
2019-04-17 17:04:39,944 [JavaFX Application Thread] INFO  marytts.ModuleRegistry Now initiating mary module 'marytts.modules.SimplePhoneme2AP(en_US)'
2019-04-17 17:04:39,945 [JavaFX Application Thread] INFO  marytts.ModuleRegistry Now initiating mary module 'marytts.language.en.PronunciationModel'
2019-04-17 17:04:39,946 [JavaFX Application Thread] INFO  marytts.ModuleRegistry Now initiating mary module 'marytts.modules.OpenNLPPosTagger(en,en.pos)'
2019-04-17 17:04:39,951 [JavaFX Application Thread] INFO  marytts.UnitSelectionSynthesizer started.
2019-04-17 17:04:39,953 [JavaFX Application Thread] INFO  marytts.TargetFeatureLister Module started (ACOUSTPARAMS->TARGETFEATURES, locale null).
2019-04-17 17:04:39,953 [JavaFX Application Thread] INFO  marytts.HTSEngine Module started (TARGETFEATURES->AUDIO, locale null).
2019-04-17 17:04:39,988 [JavaFX Application Thread] INFO  marytts.HMMData Loading Tree Set in CARTs:
2019-04-17 17:04:40,105 [JavaFX Application Thread] INFO  marytts.HMMData Loading GV Model Set:
2019-04-17 17:04:40,274 [JavaFX Application Thread] INFO  marytts.Voice Registering voice `cmu-rms-hsmm': male, locale en_US
2019-04-17 17:04:40,274 [JavaFX Application Thread] INFO  marytts.Voice New default voice for locale en_US: cmu-rms-hsmm (desire 0)
2019-04-17 17:04:40,283 [JavaFX Application Thread] INFO  marytts.HMMData Loading Tree Set in CARTs:
2019-04-17 17:04:40,328 [JavaFX Application Thread] INFO  marytts.HMMData Loading GV Model Set:
2019-04-17 17:04:40,427 [JavaFX Application Thread] INFO  marytts.Voice Registering voice `cmu-slt-hsmm': female, locale en_US
2019-04-17 17:04:40,431 [JavaFX Application Thread] INFO  marytts.HMMData Loading Tree Set in CARTs:
2019-04-17 17:04:40,472 [JavaFX Application Thread] INFO  marytts.HMMData Loading GV Model Set:
2019-04-17 17:04:40,563 [JavaFX Application Thread] INFO  marytts.Voice Registering voice `dfki-poppy-hsmm': female, locale en_GB
2019-04-17 17:04:40,563 [JavaFX Application Thread] INFO  marytts.Voice New default voice for locale en_GB: dfki-poppy-hsmm (desire 0)
2019-04-17 17:04:40,563 [JavaFX Application Thread] INFO  marytts.HMMSynthesizer started.
2019-04-17 17:04:40,563 [JavaFX Application Thread] INFO  marytts.Synthesis Module started (ACOUSTPARAMS->AUDIO, locale null).
2019-04-17 17:04:40,564 [JavaFX Application Thread] INFO  marytts.HMMSynthesizer Starting power-on self test.
2019-04-17 17:04:40,582 [JavaFX Application Thread] INFO  marytts.HMMSynthesizer Power-on self test complete.
2019-04-17 17:04:40,583 [JavaFX Application Thread] INFO  marytts.TextToMaryXML Module started (TEXT->RAWMARYXML, locale null).
2019-04-17 17:04:40,583 [JavaFX Application Thread] INFO  marytts.TextToMaryXML Starting power-on self test.
2019-04-17 17:04:40,593 [JavaFX Application Thread] WARN  marytts.TextToMaryXML Locale is null, overriding with fr_FR
2019-04-17 17:04:40,593 [JavaFX Application Thread] WARN  marytts.TextToMaryXML Locale is null, overriding with fr_FR
2019-04-17 17:04:40,593 [JavaFX Application Thread] INFO  marytts.TextToMaryXML Power-on self test complete.
2019-04-17 17:04:40,884 [JavaFX Application Thread] INFO  marytts.SableParser Module started (SABLE->RAWMARYXML, locale null).
2019-04-17 17:04:40,884 [JavaFX Application Thread] INFO  marytts.SableParser Starting power-on self test.
2019-04-17 17:04:40,885 [JavaFX Application Thread] INFO  marytts.SableParser Power-on self test complete.
2019-04-17 17:04:40,933 [JavaFX Application Thread] INFO  marytts.SSMLParser Module started (SSML->RAWMARYXML, locale null).
2019-04-17 17:04:40,933 [JavaFX Application Thread] INFO  marytts.SSMLParser Starting power-on self test.
2019-04-17 17:04:40,933 [JavaFX Application Thread] INFO  marytts.SSMLParser Power-on self test complete.
2019-04-17 17:04:40,996 [JavaFX Application Thread] INFO  marytts.APMLParser Module started (APML->RAWMARYXML, locale null).
2019-04-17 17:04:40,996 [JavaFX Application Thread] INFO  marytts.APMLParser Starting power-on self test.
2019-04-17 17:04:40,997 [JavaFX Application Thread] INFO  marytts.APMLParser Power-on self test complete.
2019-04-17 17:04:41,030 [JavaFX Application Thread] INFO  marytts.EmotionmlParser Module started (EMOTIONML->RAWMARYXML, locale null).
2019-04-17 17:04:41,030 [JavaFX Application Thread] INFO  marytts.EmotionmlParser Starting power-on self test.
2019-04-17 17:04:41,030 [JavaFX Application Thread] INFO  marytts.EmotionmlParser Power-on self test complete.
2019-04-17 17:04:41,031 [JavaFX Application Thread] INFO  marytts.JTokeniser Module started (RAWMARYXML->TOKENS, locale null).
2019-04-17 17:04:41,078 [JavaFX Application Thread] INFO  marytts.JTokeniser Starting power-on self test.
2019-04-17 17:04:41,079 [JavaFX Application Thread] INFO  marytts.JTokeniser Power-on self test complete.
2019-04-17 17:04:41,079 [JavaFX Application Thread] INFO  marytts.DummyTokens2Words Module started (TOKENS->WORDS, locale null).
2019-04-17 17:04:41,079 [JavaFX Application Thread] INFO  marytts.DummyTokens2Words Starting power-on self test.
2019-04-17 17:04:41,079 [JavaFX Application Thread] INFO  marytts.DummyTokens2Words Power-on self test complete.
2019-04-17 17:04:41,085 [JavaFX Application Thread] INFO  marytts.Prosody Module started (PHONEMES->INTONATION, locale null).
2019-04-17 17:04:41,085 [JavaFX Application Thread] INFO  marytts.Prosody Starting power-on self test.
2019-04-17 17:04:41,086 [JavaFX Application Thread] INFO  marytts.Prosody Power-on self test complete.
2019-04-17 17:04:41,086 [JavaFX Application Thread] INFO  marytts.PronunciationModel Module started (INTONATION->ALLOPHONES, locale null).
2019-04-17 17:04:41,086 [JavaFX Application Thread] INFO  marytts.PronunciationModel Starting power-on self test.
2019-04-17 17:04:41,086 [JavaFX Application Thread] INFO  marytts.PronunciationModel Power-on self test complete.
2019-04-17 17:04:41,086 [JavaFX Application Thread] INFO  marytts.TargetFeatureLister Starting power-on self test.
2019-04-17 17:04:41,086 [JavaFX Application Thread] INFO  marytts.TargetFeatureLister Power-on self test complete.
2019-04-17 17:04:41,086 [JavaFX Application Thread] INFO  marytts.TargetFeatureLister Module started (ACOUSTPARAMS->HALFPHONE_TARGETFEATURES, locale null).
2019-04-17 17:04:41,086 [JavaFX Application Thread] INFO  marytts.TargetFeatureLister Starting power-on self test.
2019-04-17 17:04:41,086 [JavaFX Application Thread] INFO  marytts.TargetFeatureLister Power-on self test complete.
2019-04-17 17:04:41,086 [JavaFX Application Thread] INFO  marytts.AcousticModeller Module started (ALLOPHONES->ACOUSTPARAMS, locale null).
2019-04-17 17:04:41,086 [JavaFX Application Thread] INFO  marytts.AcousticModeller Starting power-on self test.
2019-04-17 17:04:41,086 [JavaFX Application Thread] INFO  marytts.AcousticModeller Power-on self test complete.
2019-04-17 17:04:41,086 [JavaFX Application Thread] INFO  marytts.Realised acoustparams extractor Module started (AUDIO->REALISED_ACOUSTPARAMS, locale null).
2019-04-17 17:04:41,087 [JavaFX Application Thread] INFO  marytts.Realised acoustparams extractor Starting power-on self test.
2019-04-17 17:04:41,087 [JavaFX Application Thread] INFO  marytts.Realised acoustparams extractor Power-on self test complete.
2019-04-17 17:04:41,087 [JavaFX Application Thread] INFO  marytts.Realised durations extractor Module started (AUDIO->REALISED_DURATIONS, locale null).
2019-04-17 17:04:41,087 [JavaFX Application Thread] INFO  marytts.Realised durations extractor Starting power-on self test.
2019-04-17 17:04:41,087 [JavaFX Application Thread] INFO  marytts.Realised durations extractor Power-on self test complete.
2019-04-17 17:04:41,087 [JavaFX Application Thread] INFO  marytts.Praat TextGrid generator Module started (REALISED_ACOUSTPARAMS->PRAAT_TEXTGRID, locale null).
2019-04-17 17:04:41,087 [JavaFX Application Thread] INFO  marytts.Praat TextGrid generator Starting power-on self test.
2019-04-17 17:04:41,087 [JavaFX Application Thread] INFO  marytts.Praat TextGrid generator Power-on self test complete.
2019-04-17 17:04:41,087 [JavaFX Application Thread] INFO  marytts.JTokeniser Module started (RAWMARYXML->TOKENS, locale en).
2019-04-17 17:04:41,116 [JavaFX Application Thread] INFO  marytts.JTokeniser Starting power-on self test.
2019-04-17 17:04:41,117 [JavaFX Application Thread] INFO  marytts.JTokeniser Power-on self test complete.
2019-04-17 17:04:41,117 [JavaFX Application Thread] INFO  marytts.Preprocess Module started (TOKENS->WORDS, locale en).
2019-04-17 17:04:41,117 [JavaFX Application Thread] INFO  marytts.Preprocess Starting power-on self test.
2019-04-17 17:04:41,117 [JavaFX Application Thread] INFO  marytts.Preprocess Power-on self test complete.
2019-04-17 17:04:41,117 [JavaFX Application Thread] INFO  marytts.JPhonemiser Module started (PARTSOFSPEECH->PHONEMES, locale en_US).
2019-04-17 17:04:41,118 [JavaFX Application Thread] INFO  marytts.JPhonemiser Starting power-on self test.
2019-04-17 17:04:41,118 [JavaFX Application Thread] INFO  marytts.JPhonemiser Power-on self test complete.
2019-04-17 17:04:41,118 [JavaFX Application Thread] INFO  marytts.JPhonemiser Module started (PARTSOFSPEECH->PHONEMES, locale en_GB).
2019-04-17 17:04:41,119 [JavaFX Application Thread] INFO  marytts.JPhonemiser Starting power-on self test.
2019-04-17 17:04:41,119 [JavaFX Application Thread] INFO  marytts.JPhonemiser Power-on self test complete.
2019-04-17 17:04:41,125 [JavaFX Application Thread] INFO  marytts.Prosody Module started (PHONEMES->INTONATION, locale en).
2019-04-17 17:04:41,125 [JavaFX Application Thread] INFO  marytts.Prosody Starting power-on self test.
2019-04-17 17:04:41,125 [JavaFX Application Thread] INFO  marytts.Prosody Power-on self test complete.
2019-04-17 17:04:41,127 [JavaFX Application Thread] INFO  marytts.SimplePhoneme2AP Module started (SIMPLEPHONEMES->ACOUSTPARAMS, locale en_US).
2019-04-17 17:04:41,127 [JavaFX Application Thread] INFO  marytts.SimplePhoneme2AP Starting power-on self test.
2019-04-17 17:04:41,129 [JavaFX Application Thread] INFO  marytts.SimplePhoneme2AP Power-on self test complete.
2019-04-17 17:04:41,129 [JavaFX Application Thread] INFO  marytts.PronunciationModel Module started (INTONATION->ALLOPHONES, locale en).
2019-04-17 17:04:41,129 [JavaFX Application Thread] INFO  marytts.PronunciationModel Starting power-on self test.
2019-04-17 17:04:41,129 [JavaFX Application Thread] INFO  marytts.PronunciationModel Power-on self test complete.
2019-04-17 17:04:41,129 [JavaFX Application Thread] INFO  marytts.OpenNLPPosTagger Module started (WORDS->PARTSOFSPEECH, locale en).
2019-04-17 17:04:42,263 [JavaFX Application Thread] INFO  marytts.OpenNLPPosTagger Starting power-on self test.
2019-04-17 17:04:42,263 [JavaFX Application Thread] INFO  marytts.OpenNLPPosTagger Power-on self test complete.
2019-04-17 17:04:42,264 [JavaFX Application Thread] INFO  marytts.main Startup complete.
2019-04-17 17:04:42,318 [JavaFX Application Thread] INFO  marytts.R 1 New request (input type "TEXT", output type "AUDIO", voice "cmu-rms-hsmm", audio "WAVE")
2019-04-17 17:04:42,318 [JavaFX Application Thread] INFO  marytts.R 1 Handling request using the following modules:
2019-04-17 17:04:42,318 [JavaFX Application Thread] INFO  marytts.R 1 - TextToMaryXML (marytts.modules.TextToMaryXML)
2019-04-17 17:04:42,318 [JavaFX Application Thread] INFO  marytts.R 1 Next module: TextToMaryXML
2019-04-17 17:04:42,320 [JavaFX Application Thread] INFO  marytts.R 1 Handling request using the following modules:
2019-04-17 17:04:42,321 [JavaFX Application Thread] INFO  marytts.R 1 - JTokeniser (marytts.language.en.JTokeniser)
2019-04-17 17:04:42,321 [JavaFX Application Thread] INFO  marytts.R 1 - Preprocess (marytts.language.en.Preprocess)
2019-04-17 17:04:42,321 [JavaFX Application Thread] INFO  marytts.R 1 - OpenNLPPosTagger (marytts.modules.OpenNLPPosTagger)
2019-04-17 17:04:42,321 [JavaFX Application Thread] INFO  marytts.R 1 - JPhonemiser (marytts.modules.JPhonemiser)
2019-04-17 17:04:42,321 [JavaFX Application Thread] INFO  marytts.R 1 - Prosody (marytts.language.en.Prosody)
2019-04-17 17:04:42,321 [JavaFX Application Thread] INFO  marytts.R 1 - PronunciationModel (marytts.language.en.PronunciationModel)
2019-04-17 17:04:42,321 [JavaFX Application Thread] INFO  marytts.R 1 - AcousticModeller (marytts.modules.AcousticModeller)
2019-04-17 17:04:42,321 [JavaFX Application Thread] INFO  marytts.R 1 - Synthesis (marytts.modules.Synthesis)
2019-04-17 17:04:42,321 [JavaFX Application Thread] INFO  marytts.R 1 Next module: JTokeniser
2019-04-17 17:04:42,324 [JavaFX Application Thread] INFO  marytts.R 1 Next module: Preprocess
2019-04-17 17:04:42,348 [JavaFX Application Thread] INFO  marytts.R 1 Next module: OpenNLPPosTagger
2019-04-17 17:04:42,354 [JavaFX Application Thread] INFO  marytts.R 1 Next module: JPhonemiser
2019-04-17 17:04:42,358 [JavaFX Application Thread] INFO  marytts.R 1 Next module: Prosody
2019-04-17 17:04:42,365 [JavaFX Application Thread] INFO  marytts.R 1 Next module: PronunciationModel
2019-04-17 17:04:42,367 [JavaFX Application Thread] INFO  marytts.R 1 Next module: AcousticModeller
2019-04-17 17:04:42,388 [JavaFX Application Thread] INFO  marytts.ParameterGeneration Parameter generation for LF0: 
2019-04-17 17:04:42,388 [JavaFX Application Thread] INFO  marytts.PStream Global variance optimization
2019-04-17 17:04:42,389 [JavaFX Application Thread] INFO  marytts.PStream Gradient GV optimization for feature: (0)  number of iterations=1
2019-04-17 17:04:42,391 [JavaFX Application Thread] INFO  marytts.R 1 Next module: Synthesis
2019-04-17 17:04:42,392 [JavaFX Application Thread] INFO  marytts.HMMSynthesizer Synthesizing one sentence.
2019-04-17 17:04:42,393 [JavaFX Application Thread] INFO  marytts.HTSEngine Using prosody from acoustparams.
2019-04-17 17:04:42,394 [JavaFX Application Thread] INFO  marytts.HTSEngine Number of models in sentence numModel=9  Total number of states numState=45
2019-04-17 17:04:42,394 [JavaFX Application Thread] INFO  marytts.HTSEngine Total number of frames=291  Number of voiced frames=156
2019-04-17 17:04:42,397 [JavaFX Application Thread] INFO  marytts.ParameterGeneration Parameter generation for MGC: 
2019-04-17 17:04:42,398 [JavaFX Application Thread] INFO  marytts.PStream Global variance optimization
2019-04-17 17:04:42,403 [JavaFX Application Thread] INFO  marytts.PStream Gradient GV optimization for feature: (0)  number of iterations=24
2019-04-17 17:04:42,409 [JavaFX Application Thread] INFO  marytts.PStream Gradient GV optimization for feature: (1)  number of iterations=24
2019-04-17 17:04:42,415 [JavaFX Application Thread] INFO  marytts.PStream Gradient GV optimization for feature: (2)  number of iterations=58
2019-04-17 17:04:42,418 [JavaFX Application Thread] INFO  marytts.PStream Gradient GV optimization for feature: (3)  number of iterations=22
2019-04-17 17:04:42,419 [JavaFX Application Thread] INFO  marytts.PStream Gradient GV optimization for feature: (4)  number of iterations=19
2019-04-17 17:04:42,423 [JavaFX Application Thread] INFO  marytts.PStream Gradient GV optimization for feature: (5)  number of iterations=18
2019-04-17 17:04:42,428 [JavaFX Application Thread] INFO  marytts.PStream Gradient GV optimization for feature: (6)  number of iterations=15
2019-04-17 17:04:42,429 [JavaFX Application Thread] INFO  marytts.PStream Gradient GV optimization for feature: (7)  number of iterations=19
2019-04-17 17:04:42,431 [JavaFX Application Thread] INFO  marytts.PStream Gradient GV optimization for feature: (8)  number of iterations=9
2019-04-17 17:04:42,431 [JavaFX Application Thread] INFO  marytts.PStream Gradient GV optimization for feature: (9)  number of iterations=2
2019-04-17 17:04:42,432 [JavaFX Application Thread] INFO  marytts.PStream Gradient GV optimization for feature: (10)  number of iterations=2
2019-04-17 17:04:42,447 [JavaFX Application Thread] INFO  marytts.PStream Gradient GV optimization for feature: (11)  number of iterations=21
2019-04-17 17:04:42,449 [JavaFX Application Thread] INFO  marytts.PStream Gradient GV optimization for feature: (12)  number of iterations=2
2019-04-17 17:04:42,450 [JavaFX Application Thread] INFO  marytts.PStream Gradient GV optimization for feature: (13)  number of iterations=5
2019-04-17 17:04:42,452 [JavaFX Application Thread] INFO  marytts.PStream Gradient GV optimization for feature: (14)  number of iterations=9
2019-04-17 17:04:42,463 [JavaFX Application Thread] INFO  marytts.PStream Gradient GV optimization for feature: (15)  number of iterations=10
2019-04-17 17:04:42,464 [JavaFX Application Thread] INFO  marytts.PStream Gradient GV optimization for feature: (16)  number of iterations=10
2019-04-17 17:04:42,473 [JavaFX Application Thread] INFO  marytts.PStream Gradient GV optimization for feature: (17)  number of iterations=9
2019-04-17 17:04:42,474 [JavaFX Application Thread] INFO  marytts.PStream Gradient GV optimization for feature: (18)  number of iterations=11
2019-04-17 17:04:42,475 [JavaFX Application Thread] INFO  marytts.PStream Gradient GV optimization for feature: (19)  number of iterations=3
2019-04-17 17:04:42,477 [JavaFX Application Thread] INFO  marytts.PStream Gradient GV optimization for feature: (20)  number of iterations=15
2019-04-17 17:04:42,483 [JavaFX Application Thread] INFO  marytts.PStream Gradient GV optimization for feature: (21)  number of iterations=10
2019-04-17 17:04:42,484 [JavaFX Application Thread] INFO  marytts.PStream Gradient GV optimization for feature: (22)  number of iterations=8
2019-04-17 17:04:42,489 [JavaFX Application Thread] INFO  marytts.PStream Gradient GV optimization for feature: (23)  number of iterations=3
2019-04-17 17:04:42,491 [JavaFX Application Thread] INFO  marytts.PStream Gradient GV optimization for feature: (24)  number of iterations=11
2019-04-17 17:04:42,491 [JavaFX Application Thread] INFO  marytts.ParameterGeneration Using f0 from maryXML acoustparams
2019-04-17 17:04:42,495 [JavaFX Application Thread] INFO  marytts.PStream Global variance optimization
2019-04-17 17:04:42,501 [JavaFX Application Thread] INFO  marytts.PStream Gradient GV optimization for feature: (0)  number of iterations=58
2019-04-17 17:04:42,501 [JavaFX Application Thread] INFO  marytts.PStream Gradient GV optimization for feature: (1)  number of iterations=2
2019-04-17 17:04:42,503 [JavaFX Application Thread] INFO  marytts.PStream Gradient GV optimization for feature: (2)  number of iterations=3
2019-04-17 17:04:42,506 [JavaFX Application Thread] INFO  marytts.PStream Gradient GV optimization for feature: (3)  number of iterations=3
2019-04-17 17:04:42,508 [JavaFX Application Thread] INFO  marytts.PStream Gradient GV optimization for feature: (4)  number of iterations=17
2019-04-17 17:04:42,519 [JavaFX Application Thread] INFO  marytts.R 1 Request processed in 201 ms.
2019-04-17 17:04:42,519 [JavaFX Application Thread] INFO  marytts.R 1    TextToMaryXML took 1 ms
2019-04-17 17:04:42,519 [JavaFX Application Thread] INFO  marytts.R 1    JTokeniser took 3 ms
2019-04-17 17:04:42,519 [JavaFX Application Thread] INFO  marytts.R 1    Preprocess took 24 ms
2019-04-17 17:04:42,520 [JavaFX Application Thread] INFO  marytts.R 1    OpenNLPPosTagger took 6 ms
2019-04-17 17:04:42,520 [JavaFX Application Thread] INFO  marytts.R 1    JPhonemiser took 4 ms
2019-04-17 17:04:42,520 [JavaFX Application Thread] INFO  marytts.R 1    Prosody took 7 ms
2019-04-17 17:04:42,520 [JavaFX Application Thread] INFO  marytts.R 1    PronunciationModel took 2 ms
2019-04-17 17:04:42,520 [JavaFX Application Thread] INFO  marytts.R 1    AcousticModeller took 24 ms
2019-04-17 17:04:42,520 [JavaFX Application Thread] INFO  marytts.R 1    Synthesis took 128 ms
2019-04-17 17:04:49,622 [Thread-6] INFO  marytts.main Shutting down modules...
2019-04-17 17:04:49,626 [Thread-6] INFO  marytts.Synthesis Module shut down.
2019-04-17 17:04:49,626 [Thread-6] INFO  marytts.TextToMaryXML Module shut down.
2019-04-17 17:04:49,626 [Thread-6] INFO  marytts.SableParser Module shut down.
2019-04-17 17:04:49,627 [Thread-6] INFO  marytts.SSMLParser Module shut down.
2019-04-17 17:04:49,627 [Thread-6] INFO  marytts.APMLParser Module shut down.
2019-04-17 17:04:49,627 [Thread-6] INFO  marytts.EmotionmlParser Module shut down.
2019-04-17 17:04:49,627 [Thread-6] INFO  marytts.JTokeniser Module shut down.
2019-04-17 17:04:49,627 [Thread-6] INFO  marytts.DummyTokens2Words Module shut down.
2019-04-17 17:04:49,628 [Thread-6] INFO  marytts.Prosody Module shut down.
2019-04-17 17:04:49,628 [Thread-6] INFO  marytts.PronunciationModel Module shut down.
2019-04-17 17:04:49,628 [Thread-6] INFO  marytts.TargetFeatureLister Module shut down.
2019-04-17 17:04:49,628 [Thread-6] INFO  marytts.TargetFeatureLister Module shut down.
2019-04-17 17:04:49,628 [Thread-6] INFO  marytts.AcousticModeller Module shut down.
2019-04-17 17:04:49,629 [Thread-6] INFO  marytts.Realised acoustparams extractor Module shut down.
2019-04-17 17:04:49,629 [Thread-6] INFO  marytts.Realised durations extractor Module shut down.
2019-04-17 17:04:49,629 [Thread-6] INFO  marytts.HTSEngine Module shut down.
2019-04-17 17:04:49,629 [Thread-6] INFO  marytts.Praat TextGrid generator Module shut down.
2019-04-17 17:04:49,630 [Thread-6] INFO  marytts.JTokeniser Module shut down.
2019-04-17 17:04:49,630 [Thread-6] INFO  marytts.Preprocess Module shut down.
2019-04-17 17:04:49,630 [Thread-6] INFO  marytts.JPhonemiser Module shut down.
2019-04-17 17:04:49,630 [Thread-6] INFO  marytts.JPhonemiser Module shut down.
2019-04-17 17:04:49,630 [Thread-6] INFO  marytts.Prosody Module shut down.
2019-04-17 17:04:49,630 [Thread-6] INFO  marytts.SimplePhoneme2AP Module shut down.
2019-04-17 17:04:49,630 [Thread-6] INFO  marytts.PronunciationModel Module shut down.
2019-04-17 17:04:49,630 [Thread-6] INFO  marytts.OpenNLPPosTagger Module shut down.
2019-04-17 17:04:49,637 [Thread-6] INFO  marytts.main Shutdown complete.
2019-05-24 15:45:45,995 [JavaFX Application Thread] INFO  marytts.main Mary starting up...
2019-05-24 15:45:45,998 [JavaFX Application Thread] INFO  marytts.main Specification version 5.2
2019-05-24 15:45:45,998 [JavaFX Application Thread] INFO  marytts.main Implementation version unknown
2019-05-24 15:45:45,998 [JavaFX Application Thread] INFO  marytts.main Running on a Java 1.8.0_181 implementation by Oracle Corporation, on a Windows 10 platform (amd64, 10.0)
2019-05-24 15:45:46,157 [JavaFX Application Thread] INFO  marytts.ModuleRegistry Now initiating mary module 'marytts.modules.Synthesis'
2019-05-24 15:45:46,160 [JavaFX Application Thread] INFO  marytts.ModuleRegistry Now initiating mary module 'marytts.modules.TextToMaryXML'
2019-05-24 15:45:46,161 [JavaFX Application Thread] INFO  marytts.ModuleRegistry Now initiating mary module 'marytts.modules.SableParser'
2019-05-24 15:45:46,162 [JavaFX Application Thread] INFO  marytts.ModuleRegistry Now initiating mary module 'marytts.modules.SSMLParser'
2019-05-24 15:45:46,162 [JavaFX Application Thread] INFO  marytts.ModuleRegistry Now initiating mary module 'marytts.modules.APMLParser'
2019-05-24 15:45:46,162 [JavaFX Application Thread] INFO  marytts.ModuleRegistry Now initiating mary module 'marytts.modules.EmotionmlParser'
2019-05-24 15:45:46,163 [JavaFX Application Thread] INFO  marytts.ModuleRegistry Now initiating mary module 'marytts.modules.JTokeniser'
2019-05-24 15:45:46,163 [JavaFX Application Thread] INFO  marytts.ModuleRegistry Now initiating mary module 'marytts.modules.DummyTokens2Words'
2019-05-24 15:45:46,164 [JavaFX Application Thread] INFO  marytts.ModuleRegistry Now initiating mary module 'marytts.modules.ProsodyGeneric'
2019-05-24 15:45:46,166 [JavaFX Application Thread] INFO  marytts.ModuleRegistry Now initiating mary module 'marytts.modules.PronunciationModel'
2019-05-24 15:45:46,167 [JavaFX Application Thread] INFO  marytts.ModuleRegistry Now initiating mary module 'marytts.modules.TargetFeatureLister'
2019-05-24 15:45:46,167 [JavaFX Application Thread] INFO  marytts.ModuleRegistry Now initiating mary module 'marytts.modules.HalfPhoneTargetFeatureLister'
2019-05-24 15:45:46,168 [JavaFX Application Thread] INFO  marytts.ModuleRegistry Now initiating mary module 'marytts.modules.AcousticModeller'
2019-05-24 15:45:46,168 [JavaFX Application Thread] INFO  marytts.ModuleRegistry Now initiating mary module 'marytts.modules.RealisedAcoustparamsExtractor'
2019-05-24 15:45:46,169 [JavaFX Application Thread] INFO  marytts.ModuleRegistry Now initiating mary module 'marytts.modules.RealisedDurationsExtractor'
2019-05-24 15:45:46,169 [JavaFX Application Thread] INFO  marytts.ModuleRegistry Now initiating mary module 'marytts.modules.HTSEngine'
2019-05-24 15:45:46,170 [JavaFX Application Thread] INFO  marytts.ModuleRegistry Now initiating mary module 'marytts.modules.PraatTextGridGenerator'
2019-05-24 15:45:46,170 [JavaFX Application Thread] INFO  marytts.ModuleRegistry Now initiating mary module 'marytts.language.en.JTokeniser'
2019-05-24 15:45:46,171 [JavaFX Application Thread] INFO  marytts.ModuleRegistry Now initiating mary module 'marytts.language.en.Preprocess'
2019-05-24 15:45:46,290 [JavaFX Application Thread] INFO  marytts.ModuleRegistry Now initiating mary module 'marytts.modules.JPhonemiser(en_US.)'
2019-05-24 15:45:46,291 [JavaFX Application Thread] INFO  marytts.JPhonemiser User dictionary '.\user-dictionaries\userdict-en_US.txt' for locale 'en_US' does not exist. Ignoring.
2019-05-24 15:45:46,323 [JavaFX Application Thread] INFO  marytts.ModuleRegistry Now initiating mary module 'marytts.modules.JPhonemiser(en_GB.)'
2019-05-24 15:45:46,323 [JavaFX Application Thread] INFO  marytts.JPhonemiser User dictionary '.\user-dictionaries\userdict-en_GB.txt' for locale 'en_GB' does not exist. Ignoring.
2019-05-24 15:45:46,346 [JavaFX Application Thread] INFO  marytts.ModuleRegistry Now initiating mary module 'marytts.language.en.Prosody'
2019-05-24 15:45:46,347 [JavaFX Application Thread] INFO  marytts.ModuleRegistry Now initiating mary module 'marytts.modules.SimplePhoneme2AP(en_US)'
2019-05-24 15:45:46,347 [JavaFX Application Thread] INFO  marytts.ModuleRegistry Now initiating mary module 'marytts.language.en.PronunciationModel'
2019-05-24 15:45:46,348 [JavaFX Application Thread] INFO  marytts.ModuleRegistry Now initiating mary module 'marytts.modules.OpenNLPPosTagger(en,en.pos)'
2019-05-24 15:45:46,353 [JavaFX Application Thread] INFO  marytts.UnitSelectionSynthesizer started.
2019-05-24 15:45:46,354 [JavaFX Application Thread] INFO  marytts.TargetFeatureLister Module started (ACOUSTPARAMS->TARGETFEATURES, locale null).
2019-05-24 15:45:46,354 [JavaFX Application Thread] INFO  marytts.HTSEngine Module started (TARGETFEATURES->AUDIO, locale null).
2019-05-24 15:45:46,400 [JavaFX Application Thread] INFO  marytts.HMMData Loading Tree Set in CARTs:
2019-05-24 15:45:46,454 [JavaFX Application Thread] INFO  marytts.HMMData Loading GV Model Set:
2019-05-24 15:45:46,524 [JavaFX Application Thread] INFO  marytts.Voice Registering voice `cmu-rms-hsmm': male, locale en_US
2019-05-24 15:45:46,524 [JavaFX Application Thread] INFO  marytts.Voice New default voice for locale en_US: cmu-rms-hsmm (desire 0)
2019-05-24 15:45:46,526 [JavaFX Application Thread] INFO  marytts.HMMData Loading Tree Set in CARTs:
2019-05-24 15:45:46,548 [JavaFX Application Thread] INFO  marytts.HMMData Loading GV Model Set:
2019-05-24 15:45:46,596 [JavaFX Application Thread] INFO  marytts.Voice Registering voice `cmu-slt-hsmm': female, locale en_US
2019-05-24 15:45:46,598 [JavaFX Application Thread] INFO  marytts.HMMData Loading Tree Set in CARTs:
2019-05-24 15:45:46,633 [JavaFX Application Thread] INFO  marytts.HMMData Loading GV Model Set:
2019-05-24 15:45:46,674 [JavaFX Application Thread] INFO  marytts.Voice Registering voice `dfki-poppy-hsmm': female, locale en_GB
2019-05-24 15:45:46,674 [JavaFX Application Thread] INFO  marytts.Voice New default voice for locale en_GB: dfki-poppy-hsmm (desire 0)
2019-05-24 15:45:46,674 [JavaFX Application Thread] INFO  marytts.HMMSynthesizer started.
2019-05-24 15:45:46,674 [JavaFX Application Thread] INFO  marytts.Synthesis Module started (ACOUSTPARAMS->AUDIO, locale null).
2019-05-24 15:45:46,674 [JavaFX Application Thread] INFO  marytts.HMMSynthesizer Starting power-on self test.
2019-05-24 15:45:46,676 [JavaFX Application Thread] INFO  marytts.HMMSynthesizer Power-on self test complete.
2019-05-24 15:45:46,677 [JavaFX Application Thread] INFO  marytts.TextToMaryXML Module started (TEXT->RAWMARYXML, locale null).
2019-05-24 15:45:46,677 [JavaFX Application Thread] INFO  marytts.TextToMaryXML Starting power-on self test.
2019-05-24 15:45:46,682 [JavaFX Application Thread] WARN  marytts.TextToMaryXML Locale is null, overriding with fr_FR
2019-05-24 15:45:46,682 [JavaFX Application Thread] WARN  marytts.TextToMaryXML Locale is null, overriding with fr_FR
2019-05-24 15:45:46,682 [JavaFX Application Thread] INFO  marytts.TextToMaryXML Power-on self test complete.
2019-05-24 15:45:46,845 [JavaFX Application Thread] INFO  marytts.SableParser Module started (SABLE->RAWMARYXML, locale null).
2019-05-24 15:45:46,845 [JavaFX Application Thread] INFO  marytts.SableParser Starting power-on self test.
2019-05-24 15:45:46,845 [JavaFX Application Thread] INFO  marytts.SableParser Power-on self test complete.
2019-05-24 15:45:46,870 [JavaFX Application Thread] INFO  marytts.SSMLParser Module started (SSML->RAWMARYXML, locale null).
2019-05-24 15:45:46,870 [JavaFX Application Thread] INFO  marytts.SSMLParser Starting power-on self test.
2019-05-24 15:45:46,870 [JavaFX Application Thread] INFO  marytts.SSMLParser Power-on self test complete.
2019-05-24 15:45:46,894 [JavaFX Application Thread] INFO  marytts.APMLParser Module started (APML->RAWMARYXML, locale null).
2019-05-24 15:45:46,894 [JavaFX Application Thread] INFO  marytts.APMLParser Starting power-on self test.
2019-05-24 15:45:46,895 [JavaFX Application Thread] INFO  marytts.APMLParser Power-on self test complete.
2019-05-24 15:45:46,911 [JavaFX Application Thread] INFO  marytts.EmotionmlParser Module started (EMOTIONML->RAWMARYXML, locale null).
2019-05-24 15:45:46,911 [JavaFX Application Thread] INFO  marytts.EmotionmlParser Starting power-on self test.
2019-05-24 15:45:46,911 [JavaFX Application Thread] INFO  marytts.EmotionmlParser Power-on self test complete.
2019-05-24 15:45:46,911 [JavaFX Application Thread] INFO  marytts.JTokeniser Module started (RAWMARYXML->TOKENS, locale null).
2019-05-24 15:45:46,931 [JavaFX Application Thread] INFO  marytts.JTokeniser Starting power-on self test.
2019-05-24 15:45:46,932 [JavaFX Application Thread] INFO  marytts.JTokeniser Power-on self test complete.
2019-05-24 15:45:46,932 [JavaFX Application Thread] INFO  marytts.DummyTokens2Words Module started (TOKENS->WORDS, locale null).
2019-05-24 15:45:46,932 [JavaFX Application Thread] INFO  marytts.DummyTokens2Words Starting power-on self test.
2019-05-24 15:45:46,932 [JavaFX Application Thread] INFO  marytts.DummyTokens2Words Power-on self test complete.
2019-05-24 15:45:46,936 [JavaFX Application Thread] INFO  marytts.Prosody Module started (PHONEMES->INTONATION, locale null).
2019-05-24 15:45:46,936 [JavaFX Application Thread] INFO  marytts.Prosody Starting power-on self test.
2019-05-24 15:45:46,936 [JavaFX Application Thread] INFO  marytts.Prosody Power-on self test complete.
2019-05-24 15:45:46,936 [JavaFX Application Thread] INFO  marytts.PronunciationModel Module started (INTONATION->ALLOPHONES, locale null).
2019-05-24 15:45:46,936 [JavaFX Application Thread] INFO  marytts.PronunciationModel Starting power-on self test.
2019-05-24 15:45:46,936 [JavaFX Application Thread] INFO  marytts.PronunciationModel Power-on self test complete.
2019-05-24 15:45:46,936 [JavaFX Application Thread] INFO  marytts.TargetFeatureLister Starting power-on self test.
2019-05-24 15:45:46,936 [JavaFX Application Thread] INFO  marytts.TargetFeatureLister Power-on self test complete.
2019-05-24 15:45:46,936 [JavaFX Application Thread] INFO  marytts.TargetFeatureLister Module started (ACOUSTPARAMS->HALFPHONE_TARGETFEATURES, locale null).
2019-05-24 15:45:46,936 [JavaFX Application Thread] INFO  marytts.TargetFeatureLister Starting power-on self test.
2019-05-24 15:45:46,936 [JavaFX Application Thread] INFO  marytts.TargetFeatureLister Power-on self test complete.
2019-05-24 15:45:46,936 [JavaFX Application Thread] INFO  marytts.AcousticModeller Module started (ALLOPHONES->ACOUSTPARAMS, locale null).
2019-05-24 15:45:46,936 [JavaFX Application Thread] INFO  marytts.AcousticModeller Starting power-on self test.
2019-05-24 15:45:46,936 [JavaFX Application Thread] INFO  marytts.AcousticModeller Power-on self test complete.
2019-05-24 15:45:46,937 [JavaFX Application Thread] INFO  marytts.Realised acoustparams extractor Module started (AUDIO->REALISED_ACOUSTPARAMS, locale null).
2019-05-24 15:45:46,937 [JavaFX Application Thread] INFO  marytts.Realised acoustparams extractor Starting power-on self test.
2019-05-24 15:45:46,937 [JavaFX Application Thread] INFO  marytts.Realised acoustparams extractor Power-on self test complete.
2019-05-24 15:45:46,937 [JavaFX Application Thread] INFO  marytts.Realised durations extractor Module started (AUDIO->REALISED_DURATIONS, locale null).
2019-05-24 15:45:46,937 [JavaFX Application Thread] INFO  marytts.Realised durations extractor Starting power-on self test.
2019-05-24 15:45:46,937 [JavaFX Application Thread] INFO  marytts.Realised durations extractor Power-on self test complete.
2019-05-24 15:45:46,937 [JavaFX Application Thread] INFO  marytts.Praat TextGrid generator Module started (REALISED_ACOUSTPARAMS->PRAAT_TEXTGRID, locale null).
2019-05-24 15:45:46,937 [JavaFX Application Thread] INFO  marytts.Praat TextGrid generator Starting power-on self test.
2019-05-24 15:45:46,937 [JavaFX Application Thread] INFO  marytts.Praat TextGrid generator Power-on self test complete.
2019-05-24 15:45:46,937 [JavaFX Application Thread] INFO  marytts.JTokeniser Module started (RAWMARYXML->TOKENS, locale en).
2019-05-24 15:45:46,946 [JavaFX Application Thread] INFO  marytts.JTokeniser Starting power-on self test.
2019-05-24 15:45:46,946 [JavaFX Application Thread] INFO  marytts.JTokeniser Power-on self test complete.
2019-05-24 15:45:46,946 [JavaFX Application Thread] INFO  marytts.Preprocess Module started (TOKENS->WORDS, locale en).
2019-05-24 15:45:46,946 [JavaFX Application Thread] INFO  marytts.Preprocess Starting power-on self test.
2019-05-24 15:45:46,946 [JavaFX Application Thread] INFO  marytts.Preprocess Power-on self test complete.
2019-05-24 15:45:46,946 [JavaFX Application Thread] INFO  marytts.JPhonemiser Module started (PARTSOFSPEECH->PHONEMES, locale en_US).
2019-05-24 15:45:46,947 [JavaFX Application Thread] INFO  marytts.JPhonemiser Starting power-on self test.
2019-05-24 15:45:46,947 [JavaFX Application Thread] INFO  marytts.JPhonemiser Power-on self test complete.
2019-05-24 15:45:46,947 [JavaFX Application Thread] INFO  marytts.JPhonemiser Module started (PARTSOFSPEECH->PHONEMES, locale en_GB).
2019-05-24 15:45:46,947 [JavaFX Application Thread] INFO  marytts.JPhonemiser Starting power-on self test.
2019-05-24 15:45:46,947 [JavaFX Application Thread] INFO  marytts.JPhonemiser Power-on self test complete.
2019-05-24 15:45:46,951 [JavaFX Application Thread] INFO  marytts.Prosody Module started (PHONEMES->INTONATION, locale en).
2019-05-24 15:45:46,951 [JavaFX Application Thread] INFO  marytts.Prosody Starting power-on self test.
2019-05-24 15:45:46,951 [JavaFX Application Thread] INFO  marytts.Prosody Power-on self test complete.
2019-05-24 15:45:46,951 [JavaFX Application Thread] INFO  marytts.SimplePhoneme2AP Module started (SIMPLEPHONEMES->ACOUSTPARAMS, locale en_US).
2019-05-24 15:45:46,951 [JavaFX Application Thread] INFO  marytts.SimplePhoneme2AP Starting power-on self test.
2019-05-24 15:45:46,952 [JavaFX Application Thread] INFO  marytts.SimplePhoneme2AP Power-on self test complete.
2019-05-24 15:45:46,953 [JavaFX Application Thread] INFO  marytts.PronunciationModel Module started (INTONATION->ALLOPHONES, locale en).
2019-05-24 15:45:46,953 [JavaFX Application Thread] INFO  marytts.PronunciationModel Starting power-on self test.
2019-05-24 15:45:46,953 [JavaFX Application Thread] INFO  marytts.PronunciationModel Power-on self test complete.
2019-05-24 15:45:46,953 [JavaFX Application Thread] INFO  marytts.OpenNLPPosTagger Module started (WORDS->PARTSOFSPEECH, locale en).
2019-05-24 15:45:47,436 [JavaFX Application Thread] INFO  marytts.OpenNLPPosTagger Starting power-on self test.
2019-05-24 15:45:47,437 [JavaFX Application Thread] INFO  marytts.OpenNLPPosTagger Power-on self test complete.
2019-05-24 15:45:47,437 [JavaFX Application Thread] INFO  marytts.main Startup complete.
2019-05-24 15:45:47,467 [JavaFX Application Thread] INFO  marytts.R 1 New request (input type "TEXT", output type "AUDIO", voice "cmu-rms-hsmm", audio "WAVE")
2019-05-24 15:45:47,468 [JavaFX Application Thread] INFO  marytts.R 1 Handling request using the following modules:
2019-05-24 15:45:47,468 [JavaFX Application Thread] INFO  marytts.R 1 - TextToMaryXML (marytts.modules.TextToMaryXML)
2019-05-24 15:45:47,468 [JavaFX Application Thread] INFO  marytts.R 1 Next module: TextToMaryXML
2019-05-24 15:45:47,469 [JavaFX Application Thread] INFO  marytts.R 1 Handling request using the following modules:
2019-05-24 15:45:47,469 [JavaFX Application Thread] INFO  marytts.R 1 - JTokeniser (marytts.language.en.JTokeniser)
2019-05-24 15:45:47,469 [JavaFX Application Thread] INFO  marytts.R 1 - Preprocess (marytts.language.en.Preprocess)
2019-05-24 15:45:47,469 [JavaFX Application Thread] INFO  marytts.R 1 - OpenNLPPosTagger (marytts.modules.OpenNLPPosTagger)
2019-05-24 15:45:47,469 [JavaFX Application Thread] INFO  marytts.R 1 - JPhonemiser (marytts.modules.JPhonemiser)
2019-05-24 15:45:47,469 [JavaFX Application Thread] INFO  marytts.R 1 - Prosody (marytts.language.en.Prosody)
2019-05-24 15:45:47,469 [JavaFX Application Thread] INFO  marytts.R 1 - PronunciationModel (marytts.language.en.PronunciationModel)
2019-05-24 15:45:47,469 [JavaFX Application Thread] INFO  marytts.R 1 - AcousticModeller (marytts.modules.AcousticModeller)
2019-05-24 15:45:47,469 [JavaFX Application Thread] INFO  marytts.R 1 - Synthesis (marytts.modules.Synthesis)
2019-05-24 15:45:47,469 [JavaFX Application Thread] INFO  marytts.R 1 Next module: JTokeniser
2019-05-24 15:45:47,471 [JavaFX Application Thread] INFO  marytts.R 1 Next module: Preprocess
2019-05-24 15:45:47,473 [JavaFX Application Thread] INFO  marytts.R 1 Next module: OpenNLPPosTagger
2019-05-24 15:45:47,475 [JavaFX Application Thread] INFO  marytts.R 1 Next module: JPhonemiser
2019-05-24 15:45:47,477 [JavaFX Application Thread] INFO  marytts.R 1 Next module: Prosody
2019-05-24 15:45:47,480 [JavaFX Application Thread] INFO  marytts.R 1 Next module: PronunciationModel
2019-05-24 15:45:47,481 [JavaFX Application Thread] INFO  marytts.R 1 Next module: AcousticModeller
2019-05-24 15:45:47,501 [JavaFX Application Thread] INFO  marytts.ParameterGeneration Parameter generation for LF0: 
2019-05-24 15:45:47,502 [JavaFX Application Thread] INFO  marytts.PStream Global variance optimization
2019-05-24 15:45:47,506 [JavaFX Application Thread] INFO  marytts.PStream Gradient GV optimization for feature: (0)  number of iterations=21
2019-05-24 15:45:47,509 [JavaFX Application Thread] INFO  marytts.R 1 Next module: Synthesis
2019-05-24 15:45:47,510 [JavaFX Application Thread] INFO  marytts.HMMSynthesizer Synthesizing one sentence.
2019-05-24 15:45:47,511 [JavaFX Application Thread] INFO  marytts.HTSEngine Using prosody from acoustparams.
2019-05-24 15:45:47,512 [JavaFX Application Thread] INFO  marytts.HTSEngine Number of models in sentence numModel=18  Total number of states numState=90
2019-05-24 15:45:47,512 [JavaFX Application Thread] INFO  marytts.HTSEngine Total number of frames=425  Number of voiced frames=227
2019-05-24 15:45:47,515 [JavaFX Application Thread] INFO  marytts.ParameterGeneration Parameter generation for MGC: 
2019-05-24 15:45:47,515 [JavaFX Application Thread] INFO  marytts.PStream Global variance optimization
2019-05-24 15:45:47,525 [JavaFX Application Thread] INFO  marytts.PStream Gradient GV optimization for feature: (0)  number of iterations=24
2019-05-24 15:45:47,528 [JavaFX Application Thread] INFO  marytts.PStream Gradient GV optimization for feature: (1)  number of iterations=2
2019-05-24 15:45:47,531 [JavaFX Application Thread] INFO  marytts.PStream Gradient GV optimization for feature: (2)  number of iterations=17
2019-05-24 15:45:47,535 [JavaFX Application Thread] INFO  marytts.PStream Gradient GV optimization for feature: (3)  number of iterations=23
2019-05-24 15:45:47,538 [JavaFX Application Thread] INFO  marytts.PStream Gradient GV optimization for feature: (4)  number of iterations=41
2019-05-24 15:45:47,540 [JavaFX Application Thread] INFO  marytts.PStream Gradient GV optimization for feature: (5)  number of iterations=17
2019-05-24 15:45:47,541 [JavaFX Application Thread] INFO  marytts.PStream Gradient GV optimization for feature: (6)  number of iterations=3
2019-05-24 15:45:47,543 [JavaFX Application Thread] INFO  marytts.PStream Gradient GV optimization for feature: (7)  number of iterations=4
2019-05-24 15:45:47,544 [JavaFX Application Thread] INFO  marytts.PStream Gradient GV optimization for feature: (8)  number of iterations=17
2019-05-24 15:45:47,546 [JavaFX Application Thread] INFO  marytts.PStream Gradient GV optimization for feature: (9)  number of iterations=15
2019-05-24 15:45:47,548 [JavaFX Application Thread] INFO  marytts.PStream Gradient GV optimization for feature: (10)  number of iterations=23
2019-05-24 15:45:47,549 [JavaFX Application Thread] INFO  marytts.PStream Gradient GV optimization for feature: (11)  number of iterations=6
2019-05-24 15:45:47,550 [JavaFX Application Thread] INFO  marytts.PStream Gradient GV optimization for feature: (12)  number of iterations=9
2019-05-24 15:45:47,552 [JavaFX Application Thread] INFO  marytts.PStream Gradient GV optimization for feature: (13)  number of iterations=13
2019-05-24 15:45:47,554 [JavaFX Application Thread] INFO  marytts.PStream Gradient GV optimization for feature: (14)  number of iterations=17
2019-05-24 15:45:47,556 [JavaFX Application Thread] INFO  marytts.PStream Gradient GV optimization for feature: (15)  number of iterations=17
2019-05-24 15:45:47,558 [JavaFX Application Thread] INFO  marytts.PStream Gradient GV optimization for feature: (16)  number of iterations=11
2019-05-24 15:45:47,559 [JavaFX Application Thread] INFO  marytts.PStream Gradient GV optimization for feature: (17)  number of iterations=9
2019-05-24 15:45:47,560 [JavaFX Application Thread] INFO  marytts.PStream Gradient GV optimization for feature: (18)  number of iterations=5
2019-05-24 15:45:47,561 [JavaFX Application Thread] INFO  marytts.PStream Gradient GV optimization for feature: (19)  number of iterations=4
2019-05-24 15:45:47,564 [JavaFX Application Thread] INFO  marytts.PStream Gradient GV optimization for feature: (20)  number of iterations=26
2019-05-24 15:45:47,566 [JavaFX Application Thread] INFO  marytts.PStream Gradient GV optimization for feature: (21)  number of iterations=10
2019-05-24 15:45:47,567 [JavaFX Application Thread] INFO  marytts.PStream Gradient GV optimization for feature: (22)  number of iterations=9
2019-05-24 15:45:47,569 [JavaFX Application Thread] INFO  marytts.PStream Gradient GV optimization for feature: (23)  number of iterations=11
2019-05-24 15:45:47,570 [JavaFX Application Thread] INFO  marytts.PStream Gradient GV optimization for feature: (24)  number of iterations=13
2019-05-24 15:45:47,570 [JavaFX Application Thread] INFO  marytts.ParameterGeneration Using f0 from maryXML acoustparams
2019-05-24 15:45:47,572 [JavaFX Application Thread] INFO  marytts.PStream Global variance optimization
2019-05-24 15:45:47,574 [JavaFX Application Thread] INFO  marytts.PStream Gradient GV optimization for feature: (0)  number of iterations=55
2019-05-24 15:45:47,575 [JavaFX Application Thread] INFO  marytts.PStream Gradient GV optimization for feature: (1)  number of iterations=9
2019-05-24 15:45:47,579 [JavaFX Application Thread] INFO  marytts.PStream Gradient GV optimization for feature: (2)  number of iterations=78
2019-05-24 15:45:47,582 [JavaFX Application Thread] INFO  marytts.PStream Gradient GV optimization for feature: (3)  number of iterations=82
2019-05-24 15:45:47,583 [JavaFX Application Thread] INFO  marytts.PStream Gradient GV optimization for feature: (4)  number of iterations=15
2019-05-24 15:45:47,590 [JavaFX Application Thread] INFO  marytts.R 1 Request processed in 123 ms.
2019-05-24 15:45:47,591 [JavaFX Application Thread] INFO  marytts.R 1    TextToMaryXML took 0 ms
2019-05-24 15:45:47,591 [JavaFX Application Thread] INFO  marytts.R 1    JTokeniser took 2 ms
2019-05-24 15:45:47,591 [JavaFX Application Thread] INFO  marytts.R 1    Preprocess took 2 ms
2019-05-24 15:45:47,591 [JavaFX Application Thread] INFO  marytts.R 1    OpenNLPPosTagger took 2 ms
2019-05-24 15:45:47,591 [JavaFX Application Thread] INFO  marytts.R 1    JPhonemiser took 2 ms
2019-05-24 15:45:47,591 [JavaFX Application Thread] INFO  marytts.R 1    Prosody took 3 ms
2019-05-24 15:45:47,591 [JavaFX Application Thread] INFO  marytts.R 1    PronunciationModel took 1 ms
2019-05-24 15:45:47,591 [JavaFX Application Thread] INFO  marytts.R 1    AcousticModeller took 28 ms
2019-05-24 15:45:47,591 [JavaFX Application Thread] INFO  marytts.R 1    Synthesis took 81 ms
